#
# There is insufficient memory for the Java Runtime Environment to continue.
# Native memory allocation (mmap) failed to map 62914560 bytes. Error detail: G1 virtual space
# Possible reasons:
#   The system is out of physical RAM or swap space
#   This process is running with CompressedOops enabled, and the Java Heap may be blocking the growth of the native heap
# Possible solutions:
#   Reduce memory load on the system
#   Increase physical memory or swap space
#   Check if swap backing store is full
#   Decrease Java heap size (-Xmx/-Xms)
#   Decrease number of Java threads
#   Decrease Java thread stack sizes (-Xss)
#   Set larger code cache with -XX:ReservedCodeCacheSize=
#   JVM is running with Unscaled Compressed Oops mode in which the Java heap is
#     placed in the first 4GB address space. The Java Heap base address is the
#     maximum limit for the native heap growth. Please use -XX:HeapBaseMinAddress
#     to set the Java Heap base and to place the Java Heap above 4GB virtual address.
# This output file may be truncated or incomplete.
#
#  Out of Memory Error (os_windows.cpp:3631), pid=18404, tid=23580
#
# JRE version:  (22.0.1+8) (build )
# Java VM: OpenJDK 64-Bit Server VM (22.0.1+8, mixed mode, sharing, tiered, compressed oops, compressed class ptrs, g1 gc, windows-amd64)
# No core dump will be written. Minidumps are not enabled by default on client versions of Windows
#

---------------  S U M M A R Y ------------

Command Line: -Dfile.encoding=UTF-8 -Dstdout.encoding=UTF-8 -Dstderr.encoding=UTF-8 --module-path=C:\Users\washq\OneDrive\Documentos\Git_java\java-ucsal\Exercicioatualizado\bin -XX:+ShowCodeDetailsInExceptionMessages -Djdk.module.main=Exercicioatualizado Exercicioatualizado/Exercicioatualizado.SistemaControleEstoque

Host: Intel(R) Celeron(R) N4020 CPU @ 1.10GHz, 2 cores, 3G,  Windows 11 , 64 bit Build 22621 (10.0.22621.4391)
Time: Wed Nov 13 16:41:03 2024 Hora Padrão da Bahia elapsed time: 0.483021 seconds (0d 0h 0m 0s)

---------------  T H R E A D  ---------------

Current thread (0x000001a4178eca90):  JavaThread "Unknown thread" [_thread_in_vm, id=23580, stack(0x00000090c6300000,0x00000090c6400000) (1024K)]

Stack: [0x00000090c6300000,0x00000090c6400000]
Native frames: (J=compiled Java code, j=interpreted, Vv=VM code, C=native code)
V  [jvm.dll+0x6ea239]  (no source info available)
V  [jvm.dll+0x8ccf93]  (no source info available)
V  [jvm.dll+0x8cf3be]  (no source info available)
V  [jvm.dll+0x8cfa93]  (no source info available)
V  [jvm.dll+0x286ea6]  (no source info available)
V  [jvm.dll+0x6e68c5]  (no source info available)
V  [jvm.dll+0x6db54a]  (no source info available)
V  [jvm.dll+0x3601ba]  (no source info available)
V  [jvm.dll+0x368686]  (no source info available)
V  [jvm.dll+0x3ba43e]  (no source info available)
V  [jvm.dll+0x3ba6e8]  (no source info available)
V  [jvm.dll+0x333cbc]  (no source info available)
V  [jvm.dll+0x334878]  (no source info available)
V  [jvm.dll+0x894ebc]  (no source info available)
V  [jvm.dll+0x3c7531]  (no source info available)
V  [jvm.dll+0x87dc3c]  (no source info available)
V  [jvm.dll+0x460e3e]  (no source info available)
V  [jvm.dll+0x462c51]  (no source info available)
C  [jli.dll+0x5278]  (no source info available)
C  [ucrtbase.dll+0x29333]  (no source info available)
C  [KERNEL32.DLL+0x1259d]  (no source info available)
C  [ntdll.dll+0x5af38]  (no source info available)


---------------  P R O C E S S  ---------------

Threads class SMR info:
_java_thread_list=0x00007fffd18cc688, length=0, elements={
}

Java Threads: ( => current thread )
Total: 0

Other Threads:
  0x000001a419b95a10 WorkerThread "GC Thread#0"                     [id=12196, stack(0x00000090c6400000,0x00000090c6500000) (1024K)]
  0x000001a419b9df00 ConcurrentGCThread "G1 Main Marker"            [id=23172, stack(0x00000090c6500000,0x00000090c6600000) (1024K)]
  0x000001a419ba0440 WorkerThread "G1 Conc#0"                       [id=16432, stack(0x00000090c6600000,0x00000090c6700000) (1024K)]

[error occurred during error reporting (printing all threads), id 0xc0000005, EXCEPTION_ACCESS_VIOLATION (0xc0000005) at pc=0x00007fffd0fb6b17]
VM state: not at safepoint (not fully initialized)

VM Mutex/Monitor currently owned by a thread:  ([mutex/lock_event])
[0x00007fffd19500a8] Heap_lock - owner thread: 0x000001a4178eca90

Heap address: 0x00000000c5800000, size: 936 MB, Compressed Oops mode: 32-bit

CDS archive(s) mapped at: [0x0000000000000000-0x0000000000000000-0x0000000000000000), size 0, SharedBaseAddress: 0x0000000800000000, ArchiveRelocationMode: 1.
Narrow klass base: 0x0000000000000000, Narrow klass shift: 0, Narrow klass range: 0x0

GC Precious Log:
 CardTable entry size: 512
 Card Set container configuration: InlinePtr #cards 5 size 8 Array Of Cards #cards 12 size 40 Howl #buckets 4 coarsen threshold 1843 Howl Bitmap #cards 512 size 80 coarsen threshold 460 Card regions per heap region 1 cards per card region 2048

Heap:
 garbage-first heap   total reserved 958464K, committed 0K, used 0K [0x00000000c5800000, 0x0000000100000000)
  region size 1024K, 0 young (0K), 0 survivors (0K)

[error occurred during error reporting (printing heap information), id 0xc0000005, EXCEPTION_ACCESS_VIOLATION (0xc0000005) at pc=0x00007fffd13b6e29]
GC Heap History (0 events):
No events

Dll operation events (1 events):
Event: 0.342 Loaded shared library C:\Users\washq\.p2\pool\plugins\org.eclipse.justj.openjdk.hotspot.jre.full.win32.x86_64_22.0.1.v20240426-1149\jre\bin\java.dll

Deoptimization events (0 events):
No events

Classes loaded (0 events):
No events

Classes unloaded (0 events):
No events

Classes redefined (0 events):
No events

Internal exceptions (0 events):
No events

ZGC Phase Switch (0 events):
No events

VM Operations (0 events):
No events

Events (0 events):
No events


Dynamic libraries:
0x00007ff717890000 - 0x00007ff71789e000 	C:\Users\washq\.p2\pool\plugins\org.eclipse.justj.openjdk.hotspot.jre.full.win32.x86_64_22.0.1.v20240426-1149\jre\bin\javaw.exe
0x00007ff854a50000 - 0x00007ff854c67000 	C:\WINDOWS\SYSTEM32\ntdll.dll
0x00007ff822370000 - 0x00007ff82238a000 	C:\Program Files\Avast Software\Avast\aswhook.dll
0x00007ff852960000 - 0x00007ff852a24000 	C:\WINDOWS\System32\KERNEL32.DLL
0x00007ff8521e0000 - 0x00007ff852599000 	C:\WINDOWS\System32\KERNELBASE.dll
0x00007ff852090000 - 0x00007ff8521a1000 	C:\WINDOWS\System32\ucrtbase.dll
0x00007ff836040000 - 0x00007ff836057000 	C:\Users\washq\.p2\pool\plugins\org.eclipse.justj.openjdk.hotspot.jre.full.win32.x86_64_22.0.1.v20240426-1149\jre\bin\jli.dll
0x00007ff852de0000 - 0x00007ff852f8e000 	C:\WINDOWS\System32\USER32.dll
0x00007ff852620000 - 0x00007ff852646000 	C:\WINDOWS\System32\win32u.dll
0x00007ff852f90000 - 0x00007ff852fb9000 	C:\WINDOWS\System32\GDI32.dll
0x00007ff852650000 - 0x00007ff85276b000 	C:\WINDOWS\System32\gdi32full.dll
0x00007ff851d50000 - 0x00007ff851dea000 	C:\WINDOWS\System32\msvcp_win.dll
0x00007ff8347d0000 - 0x00007ff8347eb000 	C:\Users\washq\.p2\pool\plugins\org.eclipse.justj.openjdk.hotspot.jre.full.win32.x86_64_22.0.1.v20240426-1149\jre\bin\VCRUNTIME140.dll
0x00007ff83ebc0000 - 0x00007ff83ee52000 	C:\WINDOWS\WinSxS\amd64_microsoft.windows.common-controls_6595b64144ccf1df_6.0.22621.4391_none_2715d37f73803e96\COMCTL32.dll
0x00007ff853830000 - 0x00007ff8538d7000 	C:\WINDOWS\System32\msvcrt.dll
0x00007ff853710000 - 0x00007ff853741000 	C:\WINDOWS\System32\IMM32.DLL
0x00007ff849e30000 - 0x00007ff849e3c000 	C:\Users\washq\.p2\pool\plugins\org.eclipse.justj.openjdk.hotspot.jre.full.win32.x86_64_22.0.1.v20240426-1149\jre\bin\vcruntime140_1.dll
0x00007ff817a60000 - 0x00007ff817aee000 	C:\Users\washq\.p2\pool\plugins\org.eclipse.justj.openjdk.hotspot.jre.full.win32.x86_64_22.0.1.v20240426-1149\jre\bin\msvcp140.dll
0x00007fffd0c70000 - 0x00007fffd1a32000 	C:\Users\washq\.p2\pool\plugins\org.eclipse.justj.openjdk.hotspot.jre.full.win32.x86_64_22.0.1.v20240426-1149\jre\bin\server\jvm.dll
0x00007ff8538e0000 - 0x00007ff853992000 	C:\WINDOWS\System32\ADVAPI32.dll
0x00007ff852830000 - 0x00007ff8528d7000 	C:\WINDOWS\System32\sechost.dll
0x00007ff8521b0000 - 0x00007ff8521d8000 	C:\WINDOWS\System32\bcrypt.dll
0x00007ff8539a0000 - 0x00007ff853ab4000 	C:\WINDOWS\System32\RPCRT4.dll
0x00007ff852be0000 - 0x00007ff852c51000 	C:\WINDOWS\System32\WS2_32.dll
0x00007ff851c20000 - 0x00007ff851c6d000 	C:\WINDOWS\SYSTEM32\POWRPROF.dll
0x00007ff8374d0000 - 0x00007ff8374da000 	C:\WINDOWS\SYSTEM32\VERSION.dll
0x00007ff848100000 - 0x00007ff848134000 	C:\WINDOWS\SYSTEM32\WINMM.dll
0x00007ff851a50000 - 0x00007ff851a63000 	C:\WINDOWS\SYSTEM32\UMPDC.dll
0x00007ff850d90000 - 0x00007ff850da8000 	C:\WINDOWS\SYSTEM32\kernel.appcore.dll
0x00007ff84bc60000 - 0x00007ff84bc6a000 	C:\Users\washq\.p2\pool\plugins\org.eclipse.justj.openjdk.hotspot.jre.full.win32.x86_64_22.0.1.v20240426-1149\jre\bin\jimage.dll
0x00007ff84f820000 - 0x00007ff84fa52000 	C:\WINDOWS\SYSTEM32\DBGHELP.DLL
0x00007ff853380000 - 0x00007ff85370f000 	C:\WINDOWS\System32\combase.dll
0x00007ff854440000 - 0x00007ff854517000 	C:\WINDOWS\System32\OLEAUT32.dll
0x00007ff840140000 - 0x00007ff840172000 	C:\WINDOWS\SYSTEM32\dbgcore.DLL
0x00007ff8525a0000 - 0x00007ff85261b000 	C:\WINDOWS\System32\bcryptPrimitives.dll
0x00007ff839b40000 - 0x00007ff839b5e000 	C:\Users\washq\.p2\pool\plugins\org.eclipse.justj.openjdk.hotspot.jre.full.win32.x86_64_22.0.1.v20240426-1149\jre\bin\java.dll
0x00007ff853bc0000 - 0x00007ff854436000 	C:\WINDOWS\System32\SHELL32.dll
0x00007ff8531d0000 - 0x00007ff853375000 	C:\WINDOWS\System32\ole32.dll

dbghelp: loaded successfully - version: 4.0.5 - missing functions: none
symbol engine: initialized successfully - sym options: 0x614 - pdb path: .;C:\Users\washq\.p2\pool\plugins\org.eclipse.justj.openjdk.hotspot.jre.full.win32.x86_64_22.0.1.v20240426-1149\jre\bin;C:\WINDOWS\SYSTEM32;C:\Program Files\Avast Software\Avast;C:\WINDOWS\WinSxS\amd64_microsoft.windows.common-controls_6595b64144ccf1df_6.0.22621.4391_none_2715d37f73803e96;C:\Users\washq\.p2\pool\plugins\org.eclipse.justj.openjdk.hotspot.jre.full.win32.x86_64_22.0.1.v20240426-1149\jre\bin\server

VM Arguments:
jvm_args: -Dfile.encoding=UTF-8 -Dstdout.encoding=UTF-8 -Dstderr.encoding=UTF-8 --module-path=C:\Users\washq\OneDrive\Documentos\Git_java\java-ucsal\Exercicioatualizado\bin -XX:+ShowCodeDetailsInExceptionMessages -Djdk.module.main=Exercicioatualizado 
java_command: Exercicioatualizado/Exercicioatualizado.SistemaControleEstoque
java_class_path (initial): <not set>
Launcher Type: SUN_STANDARD

[Global flags]
     intx CICompilerCount                          = 2                                         {product} {ergonomic}
     uint ConcGCThreads                            = 1                                         {product} {ergonomic}
     uint G1ConcRefinementThreads                  = 2                                         {product} {ergonomic}
   size_t G1HeapRegionSize                         = 1048576                                   {product} {ergonomic}
   size_t InitialHeapSize                          = 62914560                                  {product} {ergonomic}
   size_t MarkStackSize                            = 4194304                                   {product} {ergonomic}
   size_t MaxHeapSize                              = 981467136                                 {product} {ergonomic}
   size_t MinHeapDeltaBytes                        = 1048576                                   {product} {ergonomic}
   size_t MinHeapSize                              = 8388608                                   {product} {ergonomic}
    uintx NonNMethodCodeHeapSize                   = 5826188                                {pd product} {ergonomic}
    uintx NonProfiledCodeHeapSize                  = 122916026                              {pd product} {ergonomic}
    uintx ProfiledCodeHeapSize                     = 122916026                              {pd product} {ergonomic}
    uintx ReservedCodeCacheSize                    = 251658240                              {pd product} {ergonomic}
     bool SegmentedCodeCache                       = true                                      {product} {ergonomic}
     bool ShowCodeDetailsInExceptionMessages       = true                                   {manageable} {command line}
   size_t SoftMaxHeapSize                          = 981467136                              {manageable} {ergonomic}
     bool UseCompressedOops                        = true                           {product lp64_product} {ergonomic}
     bool UseG1GC                                  = true                                      {product} {ergonomic}
     bool UseLargePagesIndividualAllocation        = false                                  {pd product} {ergonomic}

Logging:
Log output configuration:
 #0: stdout all=warning uptime,level,tags foldmultilines=false
 #1: stderr all=off uptime,level,tags foldmultilines=false

Environment Variables:
PATH=C:/Users/washq/.p2/pool/plugins/org.eclipse.justj.openjdk.hotspot.jre.full.win32.x86_64_22.0.1.v20240426-1149/jre/bin/server;C:/Users/washq/.p2/pool/plugins/org.eclipse.justj.openjdk.hotspot.jre.full.win32.x86_64_22.0.1.v20240426-1149/jre/bin;C:\Program Files\Eclipse Adoptium\jdk-21.0.4.7-hotspot\bin;C:\Program Files\Common Files\Oracle\Java\javapath;C:\Program Files (x86)\Common Files\Oracle\Java\java8path;C:\Program Files (x86)\Common Files\Oracle\Java\javapath;C:\WINDOWS\system32;C:\WINDOWS;C:\WINDOWS\System32\Wbem;C:\WINDOWS\System32\WindowsPowerShell\v1.0\;C:\WINDOWS\System32\OpenSSH\;C:\ProgramData\UNIVALI\Portugol Studio;C:\Program Files\nodejs\;C:\Program Files\dotnet\;C:\Program Files\Git\cmd;C:\Program Files\PowerShell\7\;C:\Users\washq\AppData\Local\Microsoft\WindowsApps;C:\Users\washq\AppData\Roaming\npm;C:\Users\washq\AppData\Local\Programs\Microsoft VS Code\bin;C:\Users\washq\AppData\Local\GitHubDesktop\bin;C:\WINDOWS\system32;
USERNAME=washq
OS=Windows_NT
PROCESSOR_IDENTIFIER=Intel64 Family 6 Model 122 Stepping 8, GenuineIntel
TMP=C:\Users\washq\AppData\Local\Temp
TEMP=C:\Users\washq\AppData\Local\Temp




Periodic native trim disabled

---------------  S Y S T E M  ---------------

OS:
 Windows 11 , 64 bit Build 22621 (10.0.22621.4391)
OS uptime: 7 days 22:43 hours

CPU: total 2 (initial active 2) (2 cores per cpu, 1 threads per core) family 6 model 122 stepping 8 microcode 0x20, cx8, cmov, fxsr, mmx, 3dnowpref, sse, sse2, sse3, ssse3, sse4.1, sse4.2, popcnt, tsc, tscinvbit, aes, erms, clmul, sha, clflush, clflushopt, rdtscp, rdpid
Processor Information for all 2 processors :
  Max Mhz: 1101, Current Mhz: 1101, Mhz Limit: 1101

Memory: 4k page, system-wide physical 3737M (387M free)
TotalPageFile size 15001M (AvailPageFile size 53M)
current process WorkingSet (physical memory assigned to process): 11M, peak: 11M
current process commit charge ("private bytes"): 48M, peak: 107M

vm_info: OpenJDK 64-Bit Server VM (22.0.1+8) for windows-amd64 JRE (22.0.1+8), built on 2024-04-16T00:00:00Z by "admin" with MS VC++ 17.7 (VS2022)

END.
